2018-06-20 14:15:37 +0000  Initial pipeline context: <IDEDistributionProcessingPipelineContext: 0x7ff949cb7810; archive(resolved)='<IDEArchive: 0x7ff965ce7340>', distributionTask(resolved)='2', distributionMethod(resolved)='<IDEDistributionMethodDevelopmentSigned: 0x7ff9661d7560>', team(resolved)='<IDEProvisioningBasicTeam: 0x7ff949d1db70; teamID='WCPKG863V7', teamName='Artem Chernitsov'>'>
	Chain (11, self inclusive):
	<IDEDistributionProcessingPipelineContext: 0x7ff949cb7810; archive = '<IDEArchive: 0x7ff965ce7340>', distributionMethod='<IDEDistributionMethodDevelopmentSigned: 0x7ff9661d7560>', team='<IDEProvisioningBasicTeam: 0x7ff949d1db70; teamID='WCPKG863V7', teamName='Artem Chernitsov'>'>
	<IDEDistributionProcessingPipelineContext: 0x7ff965a6f100; archive = '<IDEArchive: 0x7ff965ce7340>', distributionMethod='<IDEDistributionMethodDevelopmentSigned: 0x7ff9661d7560>', team='<IDEProvisioningBasicTeam: 0x7ff949d1db70; teamID='WCPKG863V7', teamName='Artem Chernitsov'>'>
	<IDEDistributionContext: 0x7ff965966bb0; archive = '<IDEArchive: 0x7ff965ce7340>', distributionMethod='<IDEDistributionMethodDevelopmentSigned: 0x7ff9661d7560>', team='<IDEProvisioningBasicTeam: 0x7ff949d1db70; teamID='WCPKG863V7', teamName='Artem Chernitsov'>'>
	<IDEDistributionContext: 0x7ff94a489730; archive = '<IDEArchive: 0x7ff965ce7340>', distributionMethod='<IDEDistributionMethodDevelopmentSigned: 0x7ff9661d7560>', team='<IDEProvisioningBasicTeam: 0x7ff949d1db70; teamID='WCPKG863V7', teamName='Artem Chernitsov'>'>
	<IDEDistributionContext: 0x7ff9665a43e0; archive = '<IDEArchive: 0x7ff965ce7340>', distributionMethod='<IDEDistributionMethodDevelopmentSigned: 0x7ff9661d7560>', team='<IDEProvisioningBasicTeam: 0x7ff949d1db70; teamID='WCPKG863V7', teamName='Artem Chernitsov'>'>
	<IDEDistributionContext: 0x7ff9684b0570; archive = '<IDEArchive: 0x7ff965ce7340>', distributionMethod='<IDEDistributionMethodDevelopmentSigned: 0x7ff9661d7560>', team='<IDEProvisioningBasicTeam: 0x7ff949d1db70; teamID='WCPKG863V7', teamName='Artem Chernitsov'>'>
	<IDEDistributionContext: 0x7ff968691600; archive = '<IDEArchive: 0x7ff965ce7340>', distributionMethod='<IDEDistributionMethodDevelopmentSigned: 0x7ff9661d7560>', team='<IDEProvisioningBasicTeam: 0x7ff949d1db70; teamID='WCPKG863V7', teamName='Artem Chernitsov'>'>
	<IDEDistributionContext: 0x7ff9685dbe20; archive = '<IDEArchive: 0x7ff965ce7340>', distributionMethod='<IDEDistributionMethodDevelopmentSigned: 0x7ff9661d7560>', team='<IDEProvisioningBasicTeam: 0x7ff949d1db70; teamID='WCPKG863V7', teamName='Artem Chernitsov'>'>
	<IDEDistributionContext: 0x7ff94a39bb80; archive = '<IDEArchive: 0x7ff965ce7340>', distributionMethod='<IDEDistributionMethodDevelopmentSigned: 0x7ff9661d7560>', team='<IDEProvisioningBasicTeam: 0x7ff949d1db70; teamID='WCPKG863V7', teamName='Artem Chernitsov'>'>
	<IDEDistributionContext: 0x7ff949d198a0; archive = '<IDEArchive: 0x7ff965ce7340>', distributionMethod='<IDEDistributionMethodDevelopmentSigned: 0x7ff9661d7560>', team='(null)'>
	<IDEDistributionContext: 0x7ff968655c70; archive = '<IDEArchive: 0x7ff965ce7340>', distributionMethod='(null)', team='(null)'>
</IDEDistributionProcessingPipelineContext: 0x7ff949cb7810>
2018-06-20 14:15:37 +0000  Processing step: IDEDistributionCreateDestRootStep
2018-06-20 14:15:37 +0000  Processing step: IDEDistributionCopyItemStep
2018-06-20 14:15:37 +0000  Running /usr/bin/ditto '-V' '/Users/jointoit/Library/Developer/Xcode/Archives/2018-06-20/Calendar 6-20-18, 5.15 PM.xcarchive/Products/Applications/Calendar.app' '/var/folders/fq/bj03c3zn57nb1sf2f8bzydcc0000gn/T/XcodeDistPipeline.rEs/Root/Payload/Calendar.app'
2018-06-20 14:15:37 +0000  >>> Copying /Users/jointoit/Library/Developer/Xcode/Archives/2018-06-20/Calendar 6-20-18, 5.15 PM.xcarchive/Products/Applications/Calendar.app 
2018-06-20 14:15:37 +0000  
2018-06-20 14:15:37 +0000  copying file ./_CodeSignature/CodeResources ... 
2018-06-20 14:15:37 +0000  4285 bytes for ./_CodeSignature/CodeResources
copying file ./Calendar ... 
2018-06-20 14:15:37 +0000  25329136 bytes for ./Calendar
2018-06-20 14:15:37 +0000  copying file ./Base.lproj/LaunchScreen.nib ... 
2018-06-20 14:15:37 +0000  3094 bytes for ./Base.lproj/LaunchScreen.nib
2018-06-20 14:15:37 +0000  copying file ./main.jsbundle.meta ... 
2018-06-20 14:15:37 +0000  21 bytes for ./main.jsbundle.meta
copying file ./main.jsbundle ... 
2018-06-20 14:15:37 +0000  682588 bytes for ./main.jsbundle
copying file ./embedded.mobileprovision ... 
13937 bytes for ./embedded.mobileprovision
2018-06-20 14:15:37 +0000  copying file ./assets/node_modules/react-native-calendars/src/calendar/img/previous@2x.png ... 
2018-06-20 14:15:37 +0000  458 bytes for ./assets/node_modules/react-native-calendars/src/calendar/img/previous@2x.png
copying file ./assets/node_modules/react-native-calendars/src/calendar/img/next@2x.png ... 
2018-06-20 14:15:37 +0000  462 bytes for ./assets/node_modules/react-native-calendars/src/calendar/img/next@2x.png
2018-06-20 14:15:37 +0000  copying file ./Info.plist ... 
2018-06-20 14:15:37 +0000  1298 bytes for ./Info.plist
copying file ./PkgInfo ... 
2018-06-20 14:15:37 +0000  
2018-06-20 14:15:37 +0000  /usr/bin/ditto exited with 0
2018-06-20 14:15:37 +0000  8 bytes for ./PkgInfo
2018-06-20 14:15:37 +0000  
2018-06-20 14:15:37 +0000  Processing step: IDEDistributionEmbedProfileStep
2018-06-20 14:15:37 +0000  Processing step: IDEDistributionAppThinningPlistStep
2018-06-20 14:15:37 +0000  Skipping step: IDEDistributionAppThinningPlistStep because it said so
2018-06-20 14:15:37 +0000  Processing step: IDEDistributionCompileBitcodeStep
2018-06-20 14:15:37 +0000  Skipping step: IDEDistributionCompileBitcodeStep because it said so
2018-06-20 14:15:37 +0000  Processing step: IDEDistributionCodeSlimmingStep
2018-06-20 14:15:37 +0000  Processing step: IDEDistributionCopyBCSymbolMapsStep
2018-06-20 14:15:37 +0000  Skipping step: IDEDistributionCopyBCSymbolMapsStep because it said so
2018-06-20 14:15:37 +0000  Processing step: IDEDistributionSymbolsStep
2018-06-20 14:15:37 +0000  Skipping step: IDEDistributionSymbolsStep because it said so
2018-06-20 14:15:37 +0000  Processing step: IDEDistributionAppThinningStep
2018-06-20 14:15:37 +0000  Skipping step: IDEDistributionAppThinningStep because it said so
2018-06-20 14:15:37 +0000  Processing step: IDEDistributionODRStep
2018-06-20 14:15:37 +0000  Processing step: IDEDistributionStripXattrsStep
2018-06-20 14:15:37 +0000  Running /usr/bin/xattr '-crs' '/var/folders/fq/bj03c3zn57nb1sf2f8bzydcc0000gn/T/XcodeDistPipeline.rEs/Root/Payload/Calendar.app'
2018-06-20 14:15:38 +0000  
2018-06-20 14:15:38 +0000  
2018-06-20 14:15:38 +0000  
2018-06-20 14:15:38 +0000  
2018-06-20 14:15:38 +0000  
2018-06-20 14:15:38 +0000  
2018-06-20 14:15:38 +0000  
2018-06-20 14:15:38 +0000  
2018-06-20 14:15:38 +0000  
2018-06-20 14:15:38 +0000  
2018-06-20 14:15:38 +0000  
2018-06-20 14:15:38 +0000  
2018-06-20 14:15:38 +0000  
2018-06-20 14:15:38 +0000  
2018-06-20 14:15:38 +0000  
2018-06-20 14:15:38 +0000  
2018-06-20 14:15:38 +0000  
2018-06-20 14:15:38 +0000  
2018-06-20 14:15:38 +0000  /usr/bin/xattr exited with 0
2018-06-20 14:15:38 +0000  
2018-06-20 14:15:38 +0000  Processing step: IDEDistributionCodesignStep
2018-06-20 14:15:38 +0000  Entitlements for <IDEDistributionItem: 0x7ff94a190c50 'org.reactjs.native.example.Calendar' '<DVTFilePath:0x7ff9662979a0:'/Users/jointoit/Library/Developer/Xcode/Archives/2018-06-20/Calendar 6-20-18, 5.15 PM.xcarchive/Products/Applications/Calendar.app'>'>: {
    "application-identifier" = "WCPKG863V7.org.reactjs.native.example.Calendar";
    "com.apple.developer.team-identifier" = WCPKG863V7;
    "get-task-allow" = 1;
    "keychain-access-groups" =     (
        "WCPKG863V7.org.reactjs.native.example.Calendar"
    );
}
2018-06-20 14:15:38 +0000  Writing entitlements for <IDEDistributionItem: 0x7ff94a190c50 'org.reactjs.native.example.Calendar' '<DVTFilePath:0x7ff9662979a0:'/Users/jointoit/Library/Developer/Xcode/Archives/2018-06-20/Calendar 6-20-18, 5.15 PM.xcarchive/Products/Applications/Calendar.app'>'> to: /var/folders/fq/bj03c3zn57nb1sf2f8bzydcc0000gn/T/XcodeDistPipeline.rEs/entitlementsVPl8I1
2018-06-20 14:15:38 +0000  Running /usr/bin/codesign '-vvv' '--force' '--sign' 'B95E86AAB1A3E53DEB72A2C09897BCFC930A3ED2' '--preserve-metadata=identifier,flags' '--entitlements' '/var/folders/fq/bj03c3zn57nb1sf2f8bzydcc0000gn/T/XcodeDistPipeline.rEs/entitlementsVPl8I1' '/var/folders/fq/bj03c3zn57nb1sf2f8bzydcc0000gn/T/XcodeDistPipeline.rEs/Root/Payload/Calendar.app'
2018-06-20 14:15:49 +0000  /var/folders/fq/bj03c3zn57nb1sf2f8bzydcc0000gn/T/XcodeDistPipeline.rEs/Root/Payload/Calendar.app: signed app bundle with Mach-O universal (armv7 arm64) [org.reactjs.native.example.Calendar]
2018-06-20 14:15:49 +0000  
2018-06-20 14:15:49 +0000  2018-06-20 14:15:49 +0000  

2018-06-20 14:15:49 +0000  /usr/bin/codesign exited with 0
2018-06-20 14:15:49 +0000  Processing step: IDEDistributionStreamingZipItemStep
2018-06-20 14:15:49 +0000  Skipping step: IDEDistributionStreamingZipItemStep because it said so
2018-06-20 14:15:49 +0000  Processing step: IDEDistributionCreateIPAStep
2018-06-20 14:15:49 +0000  Running /usr/bin/ditto '-V' '-c' '-k' '--norsrc' '/var/folders/fq/bj03c3zn57nb1sf2f8bzydcc0000gn/T/XcodeDistPipeline.rEs/Root' '/var/folders/fq/bj03c3zn57nb1sf2f8bzydcc0000gn/T/XcodeDistPipeline.rEs/Packages/Calendar.ipa'
2018-06-20 14:15:49 +0000  >>> Copying /var/folders/fq/bj03c3zn57nb1sf2f8bzydcc0000gn/T/XcodeDistPipeline.rEs/Root 
2018-06-20 14:15:49 +0000  copying file ./Payload/Calendar.app/_CodeSignature/CodeResources ... 
4285 bytes for ./Payload/Calendar.app/_CodeSignature/CodeResources
copying file ./Payload/Calendar.app/Calendar ... 
2018-06-20 14:15:50 +0000  3401344 bytes for ./Payload/Calendar.app/Calendar
copying file ./Payload/Calendar.app/Base.lproj/LaunchScreen.nib ... 
3094 bytes for ./Payload/Calendar.app/Base.lproj/LaunchScreen.nib
2018-06-20 14:15:50 +0000  copying file ./Payload/Calendar.app/main.jsbundle.meta ... 
21 bytes for ./Payload/Calendar.app/main.jsbundle.meta
copying file ./Payload/Calendar.app/main.jsbundle ... 
2018-06-20 14:15:50 +0000  682588 bytes for ./Payload/Calendar.app/main.jsbundle
copying file ./Payload/Calendar.app/embedded.mobileprovision ... 
13937 bytes for ./Payload/Calendar.app/embedded.mobileprovision
copying file ./Payload/Calendar.app/assets/node_modules/react-native-calendars/src/calendar/img/previous@2x.png ... 
458 bytes for ./Payload/Calendar.app/assets/node_modules/react-native-calendars/src/calendar/img/previous@2x.png
copying file ./Payload/Calendar.app/assets/node_modules/react-native-calendars/src/calendar/img/next@2x.png ... 
462 bytes for ./Payload/Calendar.app/assets/node_modules/react-native-calendars/src/calendar/img/next@2x.png
copying file ./Payload/Calendar.app/Info.plist ... 
2018-06-20 14:15:50 +0000  1298 bytes for ./Payload/Calendar.app/Info.plist
copying file ./Payload/Calendar.app/PkgInfo ... 
8 bytes for ./Payload/Calendar.app/PkgInfo
2018-06-20 14:15:50 +0000  2018-06-20 14:15:50 +0000  /usr/bin/ditto exited with 0

2018-06-20 14:15:50 +0000  Processing step: IDEDistributionCreateManifestStep
