2018-06-20 16:14:23 +0000  Initial pipeline context: <IDEDistributionProcessingPipelineContext: 0x7f8608304160; archive(resolved)='<IDEArchive: 0x7f8606b79300>', distributionTask(resolved)='2', distributionMethod(resolved)='<IDEDistributionMethodDevelopmentSigned: 0x7f8607aa4730>', team(resolved)='<IDEProvisioningBasicTeam: 0x7f8606f23060; teamID='WCPKG863V7', teamName='Artem Chernitsov'>'>
	Chain (11, self inclusive):
	<IDEDistributionProcessingPipelineContext: 0x7f8608304160; archive = '<IDEArchive: 0x7f8606b79300>', distributionMethod='<IDEDistributionMethodDevelopmentSigned: 0x7f8607aa4730>', team='<IDEProvisioningBasicTeam: 0x7f8606f23060; teamID='WCPKG863V7', teamName='Artem Chernitsov'>'>
	<IDEDistributionProcessingPipelineContext: 0x7f8605d938a0; archive = '<IDEArchive: 0x7f8606b79300>', distributionMethod='<IDEDistributionMethodDevelopmentSigned: 0x7f8607aa4730>', team='<IDEProvisioningBasicTeam: 0x7f8606f23060; teamID='WCPKG863V7', teamName='Artem Chernitsov'>'>
	<IDEDistributionContext: 0x7f86083998b0; archive = '<IDEArchive: 0x7f8606b79300>', distributionMethod='<IDEDistributionMethodDevelopmentSigned: 0x7f8607aa4730>', team='<IDEProvisioningBasicTeam: 0x7f8606f23060; teamID='WCPKG863V7', teamName='Artem Chernitsov'>'>
	<IDEDistributionContext: 0x7f86079d4a40; archive = '<IDEArchive: 0x7f8606b79300>', distributionMethod='<IDEDistributionMethodDevelopmentSigned: 0x7f8607aa4730>', team='<IDEProvisioningBasicTeam: 0x7f8606f23060; teamID='WCPKG863V7', teamName='Artem Chernitsov'>'>
	<IDEDistributionContext: 0x7f8605d9cc10; archive = '<IDEArchive: 0x7f8606b79300>', distributionMethod='<IDEDistributionMethodDevelopmentSigned: 0x7f8607aa4730>', team='<IDEProvisioningBasicTeam: 0x7f8606f23060; teamID='WCPKG863V7', teamName='Artem Chernitsov'>'>
	<IDEDistributionContext: 0x7f8607cf5840; archive = '<IDEArchive: 0x7f8606b79300>', distributionMethod='<IDEDistributionMethodDevelopmentSigned: 0x7f8607aa4730>', team='<IDEProvisioningBasicTeam: 0x7f8606f23060; teamID='WCPKG863V7', teamName='Artem Chernitsov'>'>
	<IDEDistributionContext: 0x7f8608806410; archive = '<IDEArchive: 0x7f8606b79300>', distributionMethod='<IDEDistributionMethodDevelopmentSigned: 0x7f8607aa4730>', team='<IDEProvisioningBasicTeam: 0x7f8606f23060; teamID='WCPKG863V7', teamName='Artem Chernitsov'>'>
	<IDEDistributionContext: 0x7f8604c9d0f0; archive = '<IDEArchive: 0x7f8606b79300>', distributionMethod='<IDEDistributionMethodDevelopmentSigned: 0x7f8607aa4730>', team='<IDEProvisioningBasicTeam: 0x7f8606f23060; teamID='WCPKG863V7', teamName='Artem Chernitsov'>'>
	<IDEDistributionContext: 0x7f860823c390; archive = '<IDEArchive: 0x7f8606b79300>', distributionMethod='<IDEDistributionMethodDevelopmentSigned: 0x7f8607aa4730>', team='<IDEProvisioningBasicTeam: 0x7f8606f23060; teamID='WCPKG863V7', teamName='Artem Chernitsov'>'>
	<IDEDistributionContext: 0x7f8605cdef50; archive = '<IDEArchive: 0x7f8606b79300>', distributionMethod='<IDEDistributionMethodDevelopmentSigned: 0x7f8607aa4730>', team='(null)'>
	<IDEDistributionContext: 0x7f860865a440; archive = '<IDEArchive: 0x7f8606b79300>', distributionMethod='(null)', team='(null)'>
</IDEDistributionProcessingPipelineContext: 0x7f8608304160>
2018-06-20 16:14:23 +0000  Processing step: IDEDistributionCreateDestRootStep
2018-06-20 16:14:23 +0000  Processing step: IDEDistributionCopyItemStep
2018-06-20 16:14:23 +0000  Running /usr/bin/ditto '-V' '/Users/jointoit/Library/Developer/Xcode/Archives/2018-06-20/Calendar 6-20-18, 7.14 PM.xcarchive/Products/Applications/Calendar.app' '/var/folders/fq/bj03c3zn57nb1sf2f8bzydcc0000gn/T/XcodeDistPipeline.97n/Root/Payload/Calendar.app'
2018-06-20 16:14:23 +0000  >>> Copying /Users/jointoit/Library/Developer/Xcode/Archives/2018-06-20/Calendar 6-20-18, 7.14 PM.xcarchive/Products/Applications/Calendar.app 
2018-06-20 16:14:23 +0000  copying file ./_CodeSignature/CodeResources ... 
2018-06-20 16:14:23 +0000  4285 bytes for ./_CodeSignature/CodeResources
2018-06-20 16:14:23 +0000  copying file ./Calendar ... 
2018-06-20 16:14:23 +0000  25329136 bytes for ./Calendar
2018-06-20 16:14:23 +0000  copying file ./Base.lproj/LaunchScreen.nib ... 
3102 bytes for ./Base.lproj/LaunchScreen.nib
copying file ./main.jsbundle.meta ... 
21 bytes for ./main.jsbundle.meta
copying file ./main.jsbundle ... 
2018-06-20 16:14:23 +0000  682592 bytes for ./main.jsbundle
2018-06-20 16:14:23 +0000  copying file ./embedded.mobileprovision ... 
2018-06-20 16:14:23 +0000  13937 bytes for ./embedded.mobileprovision
2018-06-20 16:14:23 +0000  copying file ./assets/node_modules/react-native-calendars/src/calendar/img/previous@2x.png ... 
2018-06-20 16:14:23 +0000  458 bytes for ./assets/node_modules/react-native-calendars/src/calendar/img/previous@2x.png
2018-06-20 16:14:23 +0000  copying file ./assets/node_modules/react-native-calendars/src/calendar/img/next@2x.png ... 
2018-06-20 16:14:23 +0000  462 bytes for ./assets/node_modules/react-native-calendars/src/calendar/img/next@2x.png
2018-06-20 16:14:23 +0000  copying file ./Info.plist ... 
2018-06-20 16:14:23 +0000  1298 bytes for ./Info.plist
copying file ./PkgInfo ... 
2018-06-20 16:14:23 +0000  8 bytes for ./PkgInfo
2018-06-20 16:14:23 +0000  
2018-06-20 16:14:23 +0000  
2018-06-20 16:14:23 +0000  /usr/bin/ditto exited with 0
2018-06-20 16:14:23 +0000  2018-06-20 16:14:23 +0000  

2018-06-20 16:14:23 +0000  Processing step: IDEDistributionEmbedProfileStep
2018-06-20 16:14:23 +0000  Processing step: IDEDistributionAppThinningPlistStep
2018-06-20 16:14:23 +0000  Skipping step: IDEDistributionAppThinningPlistStep because it said so
2018-06-20 16:14:23 +0000  Processing step: IDEDistributionCompileBitcodeStep
2018-06-20 16:14:23 +0000  Skipping step: IDEDistributionCompileBitcodeStep because it said so
2018-06-20 16:14:23 +0000  Processing step: IDEDistributionCodeSlimmingStep
2018-06-20 16:14:23 +0000  Processing step: IDEDistributionCopyBCSymbolMapsStep
2018-06-20 16:14:23 +0000  Skipping step: IDEDistributionCopyBCSymbolMapsStep because it said so
2018-06-20 16:14:23 +0000  Processing step: IDEDistributionSymbolsStep
2018-06-20 16:14:23 +0000  Skipping step: IDEDistributionSymbolsStep because it said so
2018-06-20 16:14:23 +0000  Processing step: IDEDistributionAppThinningStep
2018-06-20 16:14:23 +0000  Skipping step: IDEDistributionAppThinningStep because it said so
2018-06-20 16:14:23 +0000  Processing step: IDEDistributionODRStep
2018-06-20 16:14:23 +0000  Processing step: IDEDistributionStripXattrsStep
2018-06-20 16:14:23 +0000  Running /usr/bin/xattr '-crs' '/var/folders/fq/bj03c3zn57nb1sf2f8bzydcc0000gn/T/XcodeDistPipeline.97n/Root/Payload/Calendar.app'
2018-06-20 16:14:23 +0000  2018-06-20 16:14:23 +0000  

2018-06-20 16:14:23 +0000  /usr/bin/xattr exited with 0
2018-06-20 16:14:23 +0000  2018-06-20 16:14:23 +0000  

2018-06-20 16:14:23 +0000  Processing step: IDEDistributionCodesignStep
2018-06-20 16:14:23 +0000  Entitlements for <IDEDistributionItem: 0x7f86083da600 'org.reactjs.native.example.Calendar' '<DVTFilePath:0x7f8606ec2820:'/Users/jointoit/Library/Developer/Xcode/Archives/2018-06-20/Calendar 6-20-18, 7.14 PM.xcarchive/Products/Applications/Calendar.app'>'>: {
    "application-identifier" = "WCPKG863V7.org.reactjs.native.example.Calendar";
    "com.apple.developer.team-identifier" = WCPKG863V7;
    "get-task-allow" = 1;
    "keychain-access-groups" =     (
        "WCPKG863V7.org.reactjs.native.example.Calendar"
    );
}
2018-06-20 16:14:23 +0000  Writing entitlements for <IDEDistributionItem: 0x7f86083da600 'org.reactjs.native.example.Calendar' '<DVTFilePath:0x7f8606ec2820:'/Users/jointoit/Library/Developer/Xcode/Archives/2018-06-20/Calendar 6-20-18, 7.14 PM.xcarchive/Products/Applications/Calendar.app'>'> to: /var/folders/fq/bj03c3zn57nb1sf2f8bzydcc0000gn/T/XcodeDistPipeline.97n/entitlementsw93guU
2018-06-20 16:14:23 +0000  Running /usr/bin/codesign '-vvv' '--force' '--sign' 'B95E86AAB1A3E53DEB72A2C09897BCFC930A3ED2' '--preserve-metadata=identifier,flags' '--entitlements' '/var/folders/fq/bj03c3zn57nb1sf2f8bzydcc0000gn/T/XcodeDistPipeline.97n/entitlementsw93guU' '/var/folders/fq/bj03c3zn57nb1sf2f8bzydcc0000gn/T/XcodeDistPipeline.97n/Root/Payload/Calendar.app'
2018-06-20 16:14:32 +0000  /var/folders/fq/bj03c3zn57nb1sf2f8bzydcc0000gn/T/XcodeDistPipeline.97n/Root/Payload/Calendar.app: signed app bundle with Mach-O universal (armv7 arm64) [org.reactjs.native.example.Calendar]
2018-06-20 16:14:32 +0000  
2018-06-20 16:14:32 +0000  
2018-06-20 16:14:32 +0000  
2018-06-20 16:14:32 +0000  
2018-06-20 16:14:32 +0000  /usr/bin/codesign exited with 0
2018-06-20 16:14:32 +0000  
2018-06-20 16:14:32 +0000  2018-06-20 16:14:32 +0000  Processing step: IDEDistributionStreamingZipItemStep

2018-06-20 16:14:32 +0000  Skipping step: IDEDistributionStreamingZipItemStep because it said so
2018-06-20 16:14:32 +0000  Processing step: IDEDistributionCreateIPAStep
2018-06-20 16:14:32 +0000  Running /usr/bin/ditto '-V' '-c' '-k' '--norsrc' '/var/folders/fq/bj03c3zn57nb1sf2f8bzydcc0000gn/T/XcodeDistPipeline.97n/Root' '/var/folders/fq/bj03c3zn57nb1sf2f8bzydcc0000gn/T/XcodeDistPipeline.97n/Packages/Calendar.ipa'
2018-06-20 16:14:32 +0000  >>> Copying /var/folders/fq/bj03c3zn57nb1sf2f8bzydcc0000gn/T/XcodeDistPipeline.97n/Root 
2018-06-20 16:14:32 +0000  copying file ./Payload/Calendar.app/_CodeSignature/CodeResources ... 
2018-06-20 16:14:32 +0000  4285 bytes for ./Payload/Calendar.app/_CodeSignature/CodeResources
copying file ./Payload/Calendar.app/Calendar ... 
2018-06-20 16:14:32 +0000  3401344 bytes for ./Payload/Calendar.app/Calendar
2018-06-20 16:14:32 +0000  copying file ./Payload/Calendar.app/Base.lproj/LaunchScreen.nib ... 
3102 bytes for ./Payload/Calendar.app/Base.lproj/LaunchScreen.nib
copying file ./Payload/Calendar.app/main.jsbundle.meta ... 
21 bytes for ./Payload/Calendar.app/main.jsbundle.meta
copying file ./Payload/Calendar.app/main.jsbundle ... 
2018-06-20 16:14:32 +0000  682592 bytes for ./Payload/Calendar.app/main.jsbundle
2018-06-20 16:14:32 +0000  copying file ./Payload/Calendar.app/embedded.mobileprovision ... 
2018-06-20 16:14:32 +0000  8165 bytes for ./Payload/Calendar.app/embedded.mobileprovision
2018-06-20 16:14:32 +0000  copying file ./Payload/Calendar.app/assets/node_modules/react-native-calendars/src/calendar/img/previous@2x.png ... 
2018-06-20 16:14:32 +0000  458 bytes for ./Payload/Calendar.app/assets/node_modules/react-native-calendars/src/calendar/img/previous@2x.png
2018-06-20 16:14:32 +0000  copying file ./Payload/Calendar.app/assets/node_modules/react-native-calendars/src/calendar/img/next@2x.png ... 
2018-06-20 16:14:32 +0000  462 bytes for ./Payload/Calendar.app/assets/node_modules/react-native-calendars/src/calendar/img/next@2x.png
2018-06-20 16:14:32 +0000  copying file ./Payload/Calendar.app/Info.plist ... 
2018-06-20 16:14:32 +0000  1298 bytes for ./Payload/Calendar.app/Info.plist
2018-06-20 16:14:32 +0000  copying file ./Payload/Calendar.app/PkgInfo ... 
8 bytes for ./Payload/Calendar.app/PkgInfo
2018-06-20 16:14:32 +0000  
2018-06-20 16:14:32 +0000  2018-06-20 16:14:32 +0000  /usr/bin/ditto exited with 0

2018-06-20 16:14:32 +0000  
2018-06-20 16:14:32 +0000  Processing step: IDEDistributionCreateManifestStep
